Flow report for NIOS
Sun Oct 13 19:31:36 2019
Quartus Prime Version 18.1.0 Build 625 09/12/2018 SJ Lite Edition


---------------------
; Table of Contents ;
---------------------
  1. Legal Notice
  2. Flow Summary
  3. Flow Settings
  4. Flow Non-Default Global Settings
  5. Flow Elapsed Time
  6. Flow OS Summary
  7. Flow Log
  8. Flow Messages
  9. Flow Suppressed Messages



----------------
; Legal Notice ;
----------------
Copyright (C) 2018  Intel Corporation. All rights reserved.
Your use of Intel Corporation's design tools, logic functions 
and other software and tools, and its AMPP partner logic 
functions, and any output files from any of the foregoing 
(including device programming or simulation files), and any 
associated documentation or information are expressly subject 
to the terms and conditions of the Intel Program License 
Subscription Agreement, the Intel Quartus Prime License Agreement,
the Intel FPGA IP License Agreement, or other applicable license
agreement, including, without limitation, that your use is for
the sole purpose of programming logic devices manufactured by
Intel and sold by Intel or its authorized distributors.  Please
refer to the applicable agreement for further details.



+-------------------------------------------------------------------------------+
; Flow Summary                                                                  ;
+---------------------------------+---------------------------------------------+
; Flow Status                     ; Successful - Sun Oct 13 19:31:36 2019       ;
; Quartus Prime Version           ; 18.1.0 Build 625 09/12/2018 SJ Lite Edition ;
; Revision Name                   ; NIOS                                        ;
; Top-level Entity Name           ; NIOS_SoC                                    ;
; Family                          ; Cyclone V                                   ;
; Device                          ; 5CSEMA5F31C6                                ;
; Timing Models                   ; Final                                       ;
; Logic utilization (in ALMs)     ; 781 / 32,070 ( 2 % )                        ;
; Total registers                 ; 1188                                        ;
; Total pins                      ; 51 / 457 ( 11 % )                           ;
; Total virtual pins              ; 0                                           ;
; Total block memory bits         ; 43,008 / 4,065,280 ( 1 % )                  ;
; Total DSP Blocks                ; 0 / 87 ( 0 % )                              ;
; Total HSSI RX PCSs              ; 0                                           ;
; Total HSSI PMA RX Deserializers ; 0                                           ;
; Total HSSI TX PCSs              ; 0                                           ;
; Total HSSI PMA TX Serializers   ; 0                                           ;
; Total PLLs                      ; 0 / 6 ( 0 % )                               ;
; Total DLLs                      ; 0 / 4 ( 0 % )                               ;
+---------------------------------+---------------------------------------------+


+-----------------------------------------+
; Flow Settings                           ;
+-------------------+---------------------+
; Option            ; Setting             ;
+-------------------+---------------------+
; Start date & time ; 10/13/2019 19:27:10 ;
; Main task         ; Compilation         ;
; Revision Name     ; NIOS                ;
+-------------------+---------------------+


+-------------------------------------------------------------------------------------------------------------------------------------------------+
; Flow Non-Default Global Settings                                                                                                                ;
+-------------------------------------+------------------------------------------------------------+---------------+-------------+----------------+
; Assignment Name                     ; Value                                                      ; Default Value ; Entity Name ; Section Id     ;
+-------------------------------------+------------------------------------------------------------+---------------+-------------+----------------+
; COMPILER_SIGNATURE_ID               ; 140926353831949.157101642903934                            ; --            ; --          ; --             ;
; EDA_OUTPUT_DATA_FORMAT              ; Verilog Hdl                                                ; --            ; --          ; eda_simulation ;
; EDA_SIMULATION_TOOL                 ; ModelSim-Altera (Verilog)                                  ; <None>        ; --          ; --             ;
; EDA_TIME_SCALE                      ; 1 ps                                                       ; --            ; --          ; eda_simulation ;
; MAX_CORE_JUNCTION_TEMP              ; 85                                                         ; --            ; --          ; --             ;
; MIN_CORE_JUNCTION_TEMP              ; 0                                                          ; --            ; --          ; --             ;
; MISC_FILE                           ; NIOS_SoC/synthesis/../NIOS_SoC.cmp                         ; --            ; --          ; --             ;
; MISC_FILE                           ; NIOS_SoC/synthesis/../../NIOS_SoC.qsys                     ; --            ; --          ; --             ;
; PARTITION_COLOR                     ; -- (Not supported for targeted family)                     ; --            ; NIOS_SoC    ; Top            ;
; PARTITION_FITTER_PRESERVATION_LEVEL ; -- (Not supported for targeted family)                     ; --            ; NIOS_SoC    ; Top            ;
; PARTITION_NETLIST_TYPE              ; -- (Not supported for targeted family)                     ; --            ; NIOS_SoC    ; Top            ;
; POWER_BOARD_THERMAL_MODEL           ; None (CONSERVATIVE)                                        ; --            ; --          ; --             ;
; POWER_PRESET_COOLING_SOLUTION       ; 23 MM HEAT SINK WITH 200 LFPM AIRFLOW                      ; --            ; --          ; --             ;
; PROJECT_OUTPUT_DIRECTORY            ; output_files                                               ; --            ; --          ; --             ;
; SLD_FILE                            ; NIOS_SoC/synthesis/NIOS_SoC.regmap                         ; --            ; --          ; --             ;
; SLD_FILE                            ; NIOS_SoC/synthesis/NIOS_SoC.debuginfo                      ; --            ; --          ; --             ;
; SLD_INFO                            ; QSYS_NAME NIOS_SoC HAS_SOPCINFO 1 GENERATION_ID 1571014985 ; --            ; NIOS_SoC    ; --             ;
; SOPCINFO_FILE                       ; NIOS_SoC/synthesis/../../NIOS_SoC.sopcinfo                 ; --            ; --          ; --             ;
; SYNTHESIS_ONLY_QIP                  ; On                                                         ; --            ; --          ; --             ;
; TOP_LEVEL_ENTITY                    ; NIOS_SoC                                                   ; NIOS          ; --          ; --             ;
+-------------------------------------+------------------------------------------------------------+---------------+-------------+----------------+


+--------------------------------------------------------------------------------------------------------------------------+
; Flow Elapsed Time                                                                                                        ;
+----------------------+--------------+-------------------------+---------------------+------------------------------------+
; Module Name          ; Elapsed Time ; Average Processors Used ; Peak Virtual Memory ; Total CPU Time (on all processors) ;
+----------------------+--------------+-------------------------+---------------------+------------------------------------+
; Analysis & Synthesis ; 00:00:59     ; 1.0                     ; 1176 MB             ; 00:02:04                           ;
; Fitter               ; 00:02:36     ; 1.1                     ; 2814 MB             ; 00:05:37                           ;
; Assembler            ; 00:00:13     ; 1.0                     ; 971 MB              ; 00:00:12                           ;
; Timing Analyzer      ; 00:00:17     ; 1.7                     ; 1300 MB             ; 00:00:22                           ;
; EDA Netlist Writer   ; 00:00:06     ; 1.0                     ; 1158 MB             ; 00:00:06                           ;
; Total                ; 00:04:11     ; --                      ; --                  ; 00:08:21                           ;
+----------------------+--------------+-------------------------+---------------------+------------------------------------+


+--------------------------------------------------------------------------------------+
; Flow OS Summary                                                                      ;
+----------------------+------------------+--------------+------------+----------------+
; Module Name          ; Machine Hostname ; OS Name      ; OS Version ; Processor type ;
+----------------------+------------------+--------------+------------+----------------+
; Analysis & Synthesis ; Water            ; Ubuntu 19.04 ; 19         ; x86_64         ;
; Fitter               ; Water            ; Ubuntu 19.04 ; 19         ; x86_64         ;
; Assembler            ; Water            ; Ubuntu 19.04 ; 19         ; x86_64         ;
; Timing Analyzer      ; Water            ; Ubuntu 19.04 ; 19         ; x86_64         ;
; EDA Netlist Writer   ; Water            ; Ubuntu 19.04 ; 19         ; x86_64         ;
+----------------------+------------------+--------------+------------+----------------+


------------
; Flow Log ;
------------
quartus_map --read_settings_files=on --write_settings_files=off NIOS -c NIOS
quartus_fit --read_settings_files=off --write_settings_files=off NIOS -c NIOS
quartus_asm --read_settings_files=off --write_settings_files=off NIOS -c NIOS
quartus_sta NIOS -c NIOS
quartus_eda --read_settings_files=off --write_settings_files=off NIOS -c NIOS



